gles3jni/app/build/outputs/logs/manifest-merger-all-debug-report.txt
-- Merging decision tree log ---
manifest
ADDED from src/main/AndroidManifest.xml:17:1-35:12
	package
		ADDED from src/main/AndroidManifest.xml:18:11-41
		INJECTED from src/main/AndroidManifest.xml
		INJECTED from src/main/AndroidManifest.xml
	xmlns:android
		ADDED from src/main/AndroidManifest.xml:17:11-69
uses-feature#0x00030000
ADDED from src/main/AndroidManifest.xml:19:3-51
	android:glEsVersion
		ADDED from src/main/AndroidManifest.xml:19:17-49
application
ADDED from src/main/AndroidManifest.xml:20:3-34:17
	android:label
		ADDED from src/main/AndroidManifest.xml:24:7-48
	android:fullBackupContent
		ADDED from src/main/AndroidManifest.xml:22:7-40
	android:allowBackup
		ADDED from src/main/AndroidManifest.xml:21:7-34
	android:icon
		ADDED from src/main/AndroidManifest.xml:23:7-41
activity#com.android.gles3jni.GLES3JNIActivity
ADDED from src/main/AndroidManifest.xml:25:5-33:16
	android:launchMode
		ADDED from src/main/AndroidManifest.xml:27:15-46
	android:configChanges
		ADDED from src/main/AndroidManifest.xml:28:15-65
	android:theme
		ADDED from src/main/AndroidManifest.xml:26:15-73
	android:name
		ADDED from src/main/AndroidManifest.xml:25:15-46
intent-filter#android.intent.action.MAIN+android.intent.category.LAUNCHER
ADDED from src/main/AndroidManifest.xml:29:7-32:23
action#android.intent.action.MAIN
ADDED from src/main/AndroidManifest.xml:30:9-61
	android:name
		ADDED from src/main/AndroidManifest.xml:30:17-58
category#android.intent.category.LAUNCHER
ADDED from src/main/AndroidManifest.xml:31:17-77
	android:name
		ADDED from src/main/AndroidManifest.xml:31:27-74
uses-sdk
INJECTED from src/main/AndroidManifest.xml reason: use-sdk injection requested
	android:targetSdkVersion
		INJECTED from src/main/AndroidManifest.xml
		INJECTED from src/main/AndroidManifest.xml
	android:minSdkVersion
		INJECTED from src/main/AndroidManifest.xml
		INJECTED from src/main/AndroidManifest.xml